#
# There is insufficient memory for the Java Runtime Environment to continue.
# Native memory allocation (mmap) failed to map 132120576 bytes for G1 virtual space
# Possible reasons:
#   The system is out of physical RAM or swap space
#   The process is running with CompressedOops enabled, and the Java Heap may be blocking the growth of the native heap
# Possible solutions:
#   Reduce memory load on the system
#   Increase physical memory or swap space
#   Check if swap backing store is full
#   Decrease Java heap size (-Xmx/-Xms)
#   Decrease number of Java threads
#   Decrease Java thread stack sizes (-Xss)
#   Set larger code cache with -XX:ReservedCodeCacheSize=
#   JVM is running with Unscaled Compressed Oops mode in which the Java heap is
#     placed in the first 4GB address space. The Java Heap base address is the
#     maximum limit for the native heap growth. Please use -XX:HeapBaseMinAddress
#     to set the Java Heap base and to place the Java Heap above 4GB virtual address.
# This output file may be truncated or incomplete.
#
#  Out of Memory Error (os_windows.cpp:3469), pid=10256, tid=10888
#
# JRE version:  (17.0.1+12) (build )
# Java VM: Java HotSpot(TM) 64-Bit Server VM (17.0.1+12-LTS-39, mixed mode, sharing, tiered, compressed oops, compressed class ptrs, g1 gc, windows-amd64)
# No core dump will be written. Minidumps are not enabled by default on client versions of Windows
#

---------------  S U M M A R Y ------------

Command Line: 

Host: Intel(R) Core(TM) i5-10300H CPU @ 2.50GHz, 8 cores, 7G,  Windows 10 , 64 bit Build 22621 (10.0.22621.5124)
Time: Mon Apr 21 12:23:04 2025 Jordan Standard Time elapsed time: 0.012442 seconds (0d 0h 0m 0s)

---------------  T H R E A D  ---------------

Current thread (0x000001b24cab5df0):  JavaThread "Unknown thread" [_thread_in_vm, id=10888, stack(0x0000003355300000,0x0000003355400000)]

Stack: [0x0000003355300000,0x0000003355400000]
Native frames: (J=compiled Java code, j=interpreted, Vv=VM code, C=native code)
V  [jvm.dll+0x66fa1a]
V  [jvm.dll+0x7ce5a4]
V  [jvm.dll+0x7cfd4e]
V  [jvm.dll+0x7d03b3]
V  [jvm.dll+0x242b05]
V  [jvm.dll+0x66ca39]
V  [jvm.dll+0x661502]
V  [jvm.dll+0x30081b]
V  [jvm.dll+0x307da6]
V  [jvm.dll+0x357a1e]
V  [jvm.dll+0x357c4f]
V  [jvm.dll+0x2d7ad8]
V  [jvm.dll+0x2d8a44]
V  [jvm.dll+0x7a01e1]
V  [jvm.dll+0x365791]
V  [jvm.dll+0x77f6cc]
V  [jvm.dll+0x3e812f]
V  [jvm.dll+0x3e9bd1]
C  [jli.dll+0x527b]
C  [ucrtbase.dll+0x29333]
C  [KERNEL32.DLL+0x1259d]
C  [ntdll.dll+0x5af38]


---------------  P R O C E S S  ---------------

Threads class SMR info:
_java_thread_list=0x00007fff2f937818, length=0, elements={
}

Java Threads: ( => current thread )

Other Threads:
  0x000001b24caf59f0 GCTaskThread "GC Thread#0" [stack: 0x0000003355400000,0x0000003355500000] [id=18156]
  0x000001b24cb06270 ConcurrentGCThread "G1 Main Marker" [stack: 0x0000003355500000,0x0000003355600000] [id=1576]
  0x000001b24cb08430 ConcurrentGCThread "G1 Conc#0" [stack: 0x0000003355600000,0x0000003355700000] [id=6892]

[error occurred during error reporting (printing all threads), id 0xc0000005, EXCEPTION_ACCESS_VIOLATION (0xc0000005) at pc=0x00007fff2f1884b7]

VM state: not at safepoint (not fully initialized)

VM Mutex/Monitor currently owned by a thread:  ([mutex/lock_event])
[0x000001b24cab2540] Heap_lock - owner thread: 0x000001b24cab5df0

Heap address: 0x0000000083600000, size: 1994 MB, Compressed Oops mode: 32-bit

CDS archive(s) mapped at: [0x0000000000000000-0x0000000000000000-0x0000000000000000), size 0, SharedBaseAddress: 0x0000000800000000, ArchiveRelocationMode: 0.
Narrow klass base: 0x0000000000000000, Narrow klass shift: 0, Narrow klass range: 0x0

GC Precious Log:
<Empty>

Heap:
 garbage-first heap   total 0K, used 0K [0x0000000083600000, 0x0000000100000000)
  region size 1024K, 0 young (0K), 0 survivors (0K)

[error occurred during error reporting (printing heap information), id 0xc0000005, EXCEPTION_ACCESS_VIOLATION (0xc0000005) at pc=0x00007fff2f568d89]

GC Heap History (0 events):
No events

Deoptimization events (0 events):
No events

Classes unloaded (0 events):
No events

Classes redefined (0 events):
No events

Internal exceptions (0 events):
No events

VM Operations (0 events):
No events

Events (1 events):
Event: 0.007 Loaded shared library C:\Program Files\Java\jdk-17.0.1\bin\java.dll


Dynamic libraries:
0x00007ff7cd960000 - 0x00007ff7cd970000 	C:\Program Files\Java\jdk-17.0.1\bin\java.exe
0x00007fffc33f0000 - 0x00007fffc3607000 	C:\WINDOWS\SYSTEM32\ntdll.dll
0x00007fffc21b0000 - 0x00007fffc2274000 	C:\WINDOWS\System32\KERNEL32.DLL
0x00007fffc0670000 - 0x00007fffc0a43000 	C:\WINDOWS\System32\KERNELBASE.dll
0x00007fffc0bc0000 - 0x00007fffc0cd1000 	C:\WINDOWS\System32\ucrtbase.dll
0x00007fff56f30000 - 0x00007fff56f48000 	C:\Program Files\Java\jdk-17.0.1\bin\jli.dll
0x00007fff56170000 - 0x00007fff5618a000 	C:\Program Files\Java\jdk-17.0.1\bin\VCRUNTIME140.dll
0x00007fffc11e0000 - 0x00007fffc1291000 	C:\WINDOWS\System32\ADVAPI32.dll
0x00007fffc12a0000 - 0x00007fffc1347000 	C:\WINDOWS\System32\msvcrt.dll
0x00007fffc2080000 - 0x00007fffc2128000 	C:\WINDOWS\System32\sechost.dll
0x00007fffc0ce0000 - 0x00007fffc0d08000 	C:\WINDOWS\System32\bcrypt.dll
0x00007fffc1ad0000 - 0x00007fffc1be4000 	C:\WINDOWS\System32\RPCRT4.dll
0x00007fffc16c0000 - 0x00007fffc1871000 	C:\WINDOWS\System32\USER32.dll
0x00007fffc0a50000 - 0x00007fffc0a76000 	C:\WINDOWS\System32\win32u.dll
0x00007fffbf740000 - 0x00007fffbf9d8000 	C:\WINDOWS\WinSxS\amd64_microsoft.windows.common-controls_6595b64144ccf1df_6.0.22621.5124_none_270e8f4f7386d69d\COMCTL32.dll
0x00007fffc2fc0000 - 0x00007fffc2fe9000 	C:\WINDOWS\System32\GDI32.dll
0x00007fffc0ef0000 - 0x00007fffc100b000 	C:\WINDOWS\System32\gdi32full.dll
0x00007fffc0e50000 - 0x00007fffc0eea000 	C:\WINDOWS\System32\msvcp_win.dll
0x00007fffb7ed0000 - 0x00007fffb7eda000 	C:\WINDOWS\SYSTEM32\VERSION.dll
0x00007fffc11a0000 - 0x00007fffc11d1000 	C:\WINDOWS\System32\IMM32.DLL
0x00007fff5e900000 - 0x00007fff5e90c000 	C:\Program Files\Java\jdk-17.0.1\bin\vcruntime140_1.dll
0x00007fff3c8c0000 - 0x00007fff3c94d000 	C:\Program Files\Java\jdk-17.0.1\bin\msvcp140.dll
0x00007fff2eea0000 - 0x00007fff2fa5e000 	C:\Program Files\Java\jdk-17.0.1\bin\server\jvm.dll
0x00007fffc1590000 - 0x00007fffc1598000 	C:\WINDOWS\System32\PSAPI.DLL
0x00007fffb8020000 - 0x00007fffb8054000 	C:\WINDOWS\SYSTEM32\WINMM.dll
0x00007fff99ef0000 - 0x00007fff99ef9000 	C:\WINDOWS\SYSTEM32\WSOCK32.dll
0x00007fffc2b20000 - 0x00007fffc2b91000 	C:\WINDOWS\System32\WS2_32.dll
0x00007fffbec50000 - 0x00007fffbec68000 	C:\WINDOWS\SYSTEM32\kernel.appcore.dll
0x00007fff5e280000 - 0x00007fff5e28a000 	C:\Program Files\Java\jdk-17.0.1\bin\jimage.dll
0x00007fffbfe60000 - 0x00007fffc0092000 	C:\WINDOWS\SYSTEM32\DBGHELP.DLL
0x00007fffc2ff0000 - 0x00007fffc3382000 	C:\WINDOWS\System32\combase.dll
0x00007fffc18e0000 - 0x00007fffc19b7000 	C:\WINDOWS\System32\OLEAUT32.dll
0x00007fffbfce0000 - 0x00007fffbfd12000 	C:\WINDOWS\SYSTEM32\dbgcore.DLL
0x00007fffc1010000 - 0x00007fffc108b000 	C:\WINDOWS\System32\bcryptPrimitives.dll
0x00007fff4b6f0000 - 0x00007fff4b715000 	C:\Program Files\Java\jdk-17.0.1\bin\java.dll

dbghelp: loaded successfully - version: 4.0.5 - missing functions: none
symbol engine: initialized successfully - sym options: 0x614 - pdb path: .;C:\Program Files\Java\jdk-17.0.1\bin;C:\WINDOWS\SYSTEM32;C:\WINDOWS\WinSxS\amd64_microsoft.windows.common-controls_6595b64144ccf1df_6.0.22621.5124_none_270e8f4f7386d69d;C:\Program Files\Java\jdk-17.0.1\bin\server

VM Arguments:
java_command: <unknown>
java_class_path (initial): <not set>
Launcher Type: SUN_STANDARD

[Global flags]
     intx CICompilerCount                          = 4                                         {product} {ergonomic}
     uint ConcGCThreads                            = 2                                         {product} {ergonomic}
     uint G1ConcRefinementThreads                  = 8                                         {product} {ergonomic}
   size_t G1HeapRegionSize                         = 1048576                                   {product} {ergonomic}
    uintx GCDrainStackTargetSize                   = 64                                        {product} {ergonomic}
   size_t InitialHeapSize                          = 132120576                                 {product} {ergonomic}
   size_t MarkStackSize                            = 4194304                                   {product} {ergonomic}
   size_t MaxHeapSize                              = 2090860544                                {product} {ergonomic}
   size_t MinHeapDeltaBytes                        = 1048576                                   {product} {ergonomic}
   size_t MinHeapSize                              = 8388608                                   {product} {ergonomic}
    uintx NonNMethodCodeHeapSize                   = 5839372                                {pd product} {ergonomic}
    uintx NonProfiledCodeHeapSize                  = 122909434                              {pd product} {ergonomic}
    uintx ProfiledCodeHeapSize                     = 122909434                              {pd product} {ergonomic}
    uintx ReservedCodeCacheSize                    = 251658240                              {pd product} {ergonomic}
     bool SegmentedCodeCache                       = true                                      {product} {ergonomic}
   size_t SoftMaxHeapSize                          = 2090860544                             {manageable} {ergonomic}
     bool UseCompressedClassPointers               = true                           {product lp64_product} {ergonomic}
     bool UseCompressedOops                        = true                           {product lp64_product} {ergonomic}
     bool UseG1GC                                  = true                                      {product} {ergonomic}
     bool UseLargePagesIndividualAllocation        = false                                  {pd product} {ergonomic}

Logging:
Log output configuration:
 #0: stdout all=warning uptime,level,tags
 #1: stderr all=off uptime,level,tags

Environment Variables:
PATH=C:\Users\96277\WebstormProjects\ReactRepo\node_modules\.bin;C:\Users\96277\WebstormProjects\ReactRepo\node_modules\.bin;C:\Users\96277\WebstormProjects\node_modules\.bin;C:\Users\96277\node_modules\.bin;C:\Users\node_modules\.bin;C:\node_modules\.bin;C:\Users\96277\AppData\Roaming\npm\node_modules\npm\node_modules\@npmcli\run-script\lib\node-gyp-bin;C:\app\96277\product\21c\dbhomeXE\bin;C:\oracle\product\10.2.0\db_7\bin;C:\oracle\product\10.2.0\db_6\bin;C:\oracle\product\10.2.0\db_5\bin;C:\oracle\product\10.2.0\db_4\bin;C:\oracle\product\10.2.0\db_3\bin;C:\oracle\product\10.2.0\db_2\bin;C:\oracle\product\10.2.0\db_1\bin;C:\Program Files\Common Files\Oracle\Java\javapath;C:\windows\system32;C:\windows;C:\windows\System32\Wbem;C:\windows\System32\WindowsPowerShell\v1.0\;C:\windows\System32\OpenSSH\;C:\Program Files (x86)\NVIDIA Corporation\PhysX\Common;C:\Program Files\NVIDIA Corporation\NVIDIA NvDLISR;C:\WINDOWS\system32;C:\WINDOWS;C:\WINDOWS\System32\Wbem;C:\WINDOWS\System32\WindowsPowerShell\v1.0\;C:\WINDOWS\System32\OpenSSH\;C:\Program Files\Java\jdk-16.0.2\bin;C:\apktool;C:\apktool\dex-tools-v2.4\dex-tools-v2.4;?C:\Users\96277\Downloads\cmder;C:\Users\96277\Desktop\gitFolder\anime-quote-ap;C:\swigwin-4.2.1;C:\gradle-8.4-bin;C:\Program Files\HP\HP One Agent;C:\Program Files\Git\cmd;C:\Program Files\Microsoft SQL Server\150\Tools\Binn\;C:\Program Files\Microsoft SQL Server\Client SDK\ODBC\170\Tools\Binn\;C:\Program Files\dotnet\;C:\Program Files\nodejs\;C:\ngrok;C:\Users\96277\AppData\Local\Microsoft\WindowsApps;C:\Users\96277\AppData\Local\Android\Sdk\platform-tools;C:\Users\96277\.dotnet\tools;C:\Users\96277\AppData\Local\JetBrains\Toolbox\scripts;C:\Users\96277\AppData\Local\Programs\Microsoft VS Code\bin;C:\Users\96277\.dotnet\tools;C:\Users\96277\AppData\Roaming\npm;C:\Users\96277\WebstormProjects\ReactRepo\node_modules\.bin
USERNAME=96277
OS=Windows_NT
PROCESSOR_IDENTIFIER=Intel64 Family 6 Model 165 Stepping 2, GenuineIntel



---------------  S Y S T E M  ---------------

OS:
 Windows 10 , 64 bit Build 22621 (10.0.22621.5124)
OS uptime: 1 days 5:47 hours

CPU: total 8 (initial active 8) (4 cores per cpu, 2 threads per core) family 6 model 165 stepping 2 microcode 0xf0, cx8, cmov, fxsr, ht, mmx, 3dnowpref, sse, sse2, sse3, ssse3, sse4.1, sse4.2, popcnt, lzcnt, tsc, tscinvbit, avx, avx2, aes, erms, clmul, bmi1, bmi2, adx, fma, vzeroupper, clflush, clflushopt

Memory: 4k page, system-wide physical 7968M (463M free)
TotalPageFile size 31651M (AvailPageFile size 124M)
current process WorkingSet (physical memory assigned to process): 11M, peak: 11M
current process commit charge ("private bytes"): 60M, peak: 186M

vm_info: Java HotSpot(TM) 64-Bit Server VM (17.0.1+12-LTS-39) for windows-amd64 JRE (17.0.1+12-LTS-39), built on Sep 27 2021 18:41:35 by "mach5one" with MS VC++ 16.8 (VS2019)

END.
